\BOOKMARK [1][-]{section.1}{\376\377\000X\000\302\000Y\000\040\000D\036\360\000N\000G\000\040\000C\001\240\000\040\000S\036\336\000\040\000D\036\356\000\040\000L\000I\036\306\000U}{}% 1
\BOOKMARK [2][-]{subsection.1.1}{\376\377\000G\000i\036\333\000i\000\040\000t\000h\000i\036\307\000u}{section.1}% 2
\BOOKMARK [2][-]{subsection.1.2}{\376\377\000L\001\260\036\343\000c\000\040\001\021\036\323\000\040\000q\000u\000a\000n\000\040\000h\036\307\000\040\000t\000h\036\361\000c\000\040\000t\000h\036\303\000\040\000\050\000E\000R\000D\000\051}{section.1}% 3
\BOOKMARK [2][-]{subsection.1.3}{\376\377\000C\000h\000i\000\040\000t\000i\036\277\000t\000\040\000c\000\341\000c\000\040\000b\036\243\000n\000g\000\040\000d\036\357\000\040\000l\000i\036\307\000u}{section.1}% 4
\BOOKMARK [2][-]{subsection.1.4}{\376\377\000T\000\355\000n\000h\000\040\000c\000h\000u\036\251\000n\000\040\000h\000\363\000a\000\040\000c\001\241\000\040\000s\036\337\000\040\000d\036\357\000\040\000l\000i\036\307\000u}{section.1}% 5
\BOOKMARK [2][-]{subsection.1.5}{\376\377\000R\000\340\000n\000g\000\040\000b\000u\036\331\000c\000\040\000t\000o\000\340\000n\000\040\000v\036\271\000n\000\040\000d\036\357\000\040\000l\000i\036\307\000u}{section.1}% 6
\BOOKMARK [2][-]{subsection.1.6}{\376\377\000T\036\321\000i\000\040\001\260\000u\000\040\000h\000\363\000a\000\040\000c\001\241\000\040\000s\036\337\000\040\000d\036\357\000\040\000l\000i\036\307\000u}{section.1}% 7
\BOOKMARK [1][-]{section.2}{\376\377\000C\000\300\000I\000\040\001\020\036\266\000T\000\040\000Y\000\312\000U\000\040\000C\036\246\000U\000\040\000X\036\354\000\040\000L\000\335}{}% 8
\BOOKMARK [2][-]{subsection.2.1}{\376\377\000G\000i\036\333\000i\000\040\000t\000h\000i\036\307\000u\000\040\000t\036\325\000n\000g\000\040\000q\000u\000a\000n}{section.2}% 9
\BOOKMARK [2][-]{subsection.2.2}{\376\377\000P\000h\000\342\000n\000\040\000t\000\355\000c\000h\000\040\000c\000\341\000c\000\040\000b\036\243\000n\000g\000\040\000d\036\357\000\040\000l\000i\036\307\000u\000\040\000s\036\355\000\040\000d\036\345\000n\000g}{section.2}% 10
\BOOKMARK [2][-]{subsection.2.3}{\376\377\000P\000h\000\342\000n\000\040\000t\000\355\000c\000h\000\040\000l\000u\036\323\000n\000g\000\040\000x\036\355\000\040\000l\000\375\000\040\000c\000h\000\355\000n\000h}{section.2}% 11
\BOOKMARK [2][-]{subsection.2.4}{\376\377\000T\036\325\000n\000g\000\040\000h\036\343\000p\000\040\000c\000\341\000c\000\040\000m\000o\000d\000u\000l\000e\000\040\000x\036\355\000\040\000l\000\375\000\040\000t\000h\000e\000o\000\040\000c\000h\036\351\000c\000\040\000n\001\003\000n\000g}{section.2}% 12
\BOOKMARK [2][-]{subsection.2.5}{\376\377\000V\000\355\000\040\000d\036\345\000\040\000d\036\357\000\040\000l\000i\036\307\000u\000\040\000t\000h\036\361\000c\000\040\000t\036\277\000\040\000v\000\340\000\040\000k\036\277\000t\000\040\000q\000u\036\243\000\040\000x\036\355\000\040\000l\000\375}{section.2}% 13
\BOOKMARK [1][-]{section.3}{\376\377\000Q\000U\036\242\000N\000\040\000T\000R\036\312\000\040\000H\036\306\000\040\000T\000H\036\320\000N\000G}{}% 14
\BOOKMARK [2][-]{subsection.3.1}{\376\377\000G\000i\036\333\000i\000\040\000t\000h\000i\036\307\000u}{section.3}% 15
\BOOKMARK [2][-]{subsection.3.2}{\376\377\000Q\000u\036\243\000n\000\040\000t\000r\036\313\000\040\000n\000g\001\260\036\335\000i\000\040\000d\000\371\000n\000g\000\040\000v\000\340\000\040\000p\000h\000\342\000n\000\040\000q\000u\000y\036\301\000n}{section.3}% 16
\BOOKMARK [2][-]{subsection.3.3}{\376\377\000S\000a\000o\000\040\000l\001\260\000u\000\040\000v\000\340\000\040\000p\000h\036\345\000c\000\040\000h\036\323\000i\000\040\000d\036\357\000\040\000l\000i\036\307\000u}{section.3}% 17
\BOOKMARK [2][-]{subsection.3.4}{\376\377\000C\000\341\000c\000\040\000S\000t\000o\000r\000e\000d\000\040\000P\000r\000o\000c\000e\000d\000u\000r\000e\000s\000,\000\040\000F\000u\000n\000c\000t\000i\000o\000n\000s\000\040\000v\000\340\000\040\000T\000r\000i\000g\000g\000e\000r\000s}{section.3}% 18
\BOOKMARK [1][-]{section.4}{\376\377\000X\000\302\000Y\000\040\000D\036\360\000N\000G\000\040\036\350\000N\000G\000\040\000D\036\344\000N\000G}{}% 19
\BOOKMARK [2][-]{subsection.4.1}{\376\377\000G\000i\036\333\000i\000\040\000t\000h\000i\036\307\000u}{section.4}% 20
\BOOKMARK [2][-]{subsection.4.2}{\376\377\000K\000i\036\277\000n\000\040\000t\000r\000\372\000c\000\040\036\351\000n\000g\000\040\000d\036\345\000n\000g}{section.4}% 21
\BOOKMARK [2][-]{subsection.4.3}{\376\377\000K\036\277\000t\000\040\000n\036\321\000i\000\040\000D\000a\000t\000a\000b\000a\000s\000e}{section.4}% 22
\BOOKMARK [2][-]{subsection.4.4}{\376\377\000P\000h\000\342\000n\000\040\000c\000\364\000n\000g\000\040\000v\000\340\000\040\000t\000r\000i\036\303\000n\000\040\000k\000h\000a\000i\000\040\000c\000h\036\351\000c\000\040\000n\001\003\000n\000g}{section.4}% 23
\BOOKMARK [2][-]{subsection.4.5}{\376\377\000C\000h\036\351\000c\000\040\000n\001\003\000n\000g\000\040\0001\000:\000\040\000Q\000u\036\243\000n\000\040\000l\000\375\000\040\000G\000i\036\243\000n\000g\000\040\000v\000i\000\352\000n\000\040\000\050\000V\000\365\000\040\000A\000n\000h\000\040\000K\000h\000o\000a\000\051}{section.4}% 24
\BOOKMARK [2][-]{subsection.4.6}{\376\377\000C\000h\036\351\000c\000\040\000n\001\003\000n\000g\000\040\0002\000:\000\040\000Q\000u\036\243\000n\000\040\000l\000\375\000\040\000K\000h\000o\000a\000\040\000\050\000N\000g\000u\000y\036\305\000n\000\040\000G\000i\000a\000\040\000B\036\243\000o\000\051}{section.4}% 25
\BOOKMARK [2][-]{subsection.4.7}{\376\377\000C\000h\036\351\000c\000\040\000n\001\003\000n\000g\000\040\0003\000:\000\040\001\020\001\003\000n\000g\000\040\000k\000\375\000\040\000v\000\340\000\040\000Q\000u\036\243\000n\000\040\000l\000\375\000\040\001\021\000i\036\303\000m\000\040\000\050\000N\000g\000u\000y\036\305\000n\000\040\000V\000i\036\277\000t\000\040\000A\000n\000\040\000B\000\354\000n\000h\000\051}{section.4}% 26
\BOOKMARK [2][-]{subsection.4.8}{\376\377\000C\000h\036\351\000c\000\040\000n\001\003\000n\000g\000\040\0004\000:\000\040\000Q\000u\036\243\000n\000\040\000l\000\375\000\040\000S\000i\000n\000h\000\040\000v\000i\000\352\000n\000\040\000\050\000M\000\343\000\040\000N\000h\036\255\000t\000\040\000P\000h\000o\000n\000g\000\051}{section.4}% 27
\BOOKMARK [2][-]{subsection.4.9}{\376\377\000C\000h\036\351\000c\000\040\000n\001\003\000n\000g\000\040\0005\000:\000\040\000Q\000u\036\243\000n\000\040\000l\000\375\000\040\000M\000\364\000n\000\040\000h\036\315\000c\000\040\000\050\000N\000g\000u\000y\036\305\000n\000\040\000H\036\357\000u\000\040\000H\000o\000\340\000n\000g\000\040\000T\000h\000\364\000n\000g\000\051}{section.4}% 28
\BOOKMARK [2][-]{subsection.4.10}{\376\377\000T\000e\000s\000t\000i\000n\000g\000\040\000v\000\340\000\040\000D\000e\000m\000o}{section.4}% 29
\BOOKMARK [1][-]{section*.33}{\376\377\000K\036\276\000T\000\040\000L\000U\036\254\000N}{}% 30
\BOOKMARK [1][-]{section*.34}{\376\377\000P\000H\036\344\000\040\000L\036\344\000C}{}% 31
